########### array before sorts ###########
0	-80.500000	44.500000	-79.594133	44.619260	n
1	-79.594133	44.619260	-78.750000	44.968911	n
2	-78.750000	44.968911	-78.025126	45.525126	n
3	-78.025126	45.525126	-77.468911	46.250000	n
4	-77.468911	46.250000	-77.119260	47.094133	n
5	-77.119260	47.094133	-77.000000	48.000000	n
6	-77.000000	-48.000000	-77.119260	-47.094133	n
7	-77.119260	-47.094133	-77.468911	-46.250000	n
8	-77.468911	-46.250000	-78.025126	-45.525126	n
9	-78.025126	-45.525126	-78.750000	-44.968911	n
10	-78.750000	-44.968911	-79.594133	-44.619260	n
11	-79.594133	-44.619260	-80.500000	-44.500000	n
12	80.500000	-44.500000	79.594133	-44.619260	n
13	79.594133	-44.619260	78.750000	-44.968911	n
14	78.750000	-44.968911	78.025126	-45.525126	n
15	78.025126	-45.525126	77.468911	-46.250000	n
16	77.468911	-46.250000	77.119260	-47.094133	n
17	77.119260	-47.094133	77.000000	-48.000000	n
18	77.000000	48.000000	77.119260	47.094133	n
19	77.119260	47.094133	77.468911	46.250000	n
20	77.468911	46.250000	78.025126	45.525126	n
21	78.025126	45.525126	78.750000	44.968911	n
22	78.750000	44.968911	79.594133	44.619260	n
23	79.594133	44.619260	80.500000	44.500000	n
24	-77.000000	61.000000	-77.000000	48.000000	n
25	-94.500000	-44.500000	-80.500000	-44.500000	n
26	77.000000	-61.000000	77.000000	-48.000000	n
27	94.500000	44.500000	80.500000	44.500000	n
28	80.500000	-44.500000	94.500000	-44.500000	n
29	-80.500000	44.500000	-94.500000	44.500000	n
30	-77.000000	-48.000000	-77.000000	-61.000000	n
31	77.000000	48.000000	77.000000	61.000000	n
32	94.500000	-44.500000	94.500000	44.500000	n
33	77.000000	61.000000	-77.000000	61.000000	n
34	-94.500000	44.500000	-94.500000	-44.500000	n
35	-77.000000	-61.000000	77.000000	-61.000000	n
36	-70.250000	-39.000000	-70.260694	-38.836842	n
37	-70.260694	-38.836842	-70.292593	-38.676476	n
38	-70.292593	-38.676476	-70.417468	-38.375000	n
39	-70.417468	-38.375000	-70.616117	-38.116117	n
40	-70.616117	-38.116117	-70.875000	-37.917468	n
41	-70.875000	-37.917468	-71.176476	-37.792593	n
42	-71.176476	-37.792593	-71.500000	-37.750000	n
43	-71.500000	-37.750000	-71.823524	-37.792593	n
44	-71.823524	-37.792593	-72.125000	-37.917468	n
45	-72.125000	-37.917468	-72.383883	-38.116117	n
46	-72.383883	-38.116117	-72.582532	-38.375000	n
47	-72.582532	-38.375000	-72.707407	-38.676476	n
48	-72.707407	-38.676476	-72.750000	-39.000000	n
49	-72.750000	-39.000000	-72.707407	-39.323524	n
50	-72.707407	-39.323524	-72.582532	-39.625000	n
51	-72.582532	-39.625000	-72.383883	-39.883883	n
52	-72.383883	-39.883883	-72.125000	-40.082532	n
53	-72.125000	-40.082532	-71.823524	-40.207407	n
54	-71.823524	-40.207407	-71.500000	-40.250000	n
55	-71.500000	-40.250000	-71.176476	-40.207407	n
56	-71.176476	-40.207407	-70.875000	-40.082532	n
57	-70.875000	-40.082532	-70.616117	-39.883883	n
58	-70.616117	-39.883883	-70.417468	-39.625000	n
59	-70.417468	-39.625000	-70.292593	-39.323524	n
60	-70.292593	-39.323524	-70.250000	-39.000000	n
61	72.750000	39.000000	72.739306	39.163158	n
62	72.739306	39.163158	72.707407	39.323524	n
63	72.707407	39.323524	72.582532	39.625000	n
64	72.582532	39.625000	72.383883	39.883883	n
65	72.383883	39.883883	72.125000	40.082532	n
66	72.125000	40.082532	71.823524	40.207407	n
67	71.823524	40.207407	71.500000	40.250000	n
68	71.500000	40.250000	71.176476	40.207407	n
69	71.176476	40.207407	70.875000	40.082532	n
70	70.875000	40.082532	70.616117	39.883883	n
71	70.616117	39.883883	70.417468	39.625000	n
72	70.417468	39.625000	70.292593	39.323524	n
73	70.292593	39.323524	70.250000	39.000000	n
74	70.250000	39.000000	70.292593	38.676476	n
75	70.292593	38.676476	70.417468	38.375000	n
76	70.417468	38.375000	70.616117	38.116117	n
77	70.616117	38.116117	70.875000	37.917468	n
78	70.875000	37.917468	71.176476	37.792593	n
79	71.176476	37.792593	71.500000	37.750000	n
80	71.500000	37.750000	71.823524	37.792593	n
81	71.823524	37.792593	72.125000	37.917468	n
82	72.125000	37.917468	72.383883	38.116117	n
83	72.383883	38.116117	72.582532	38.375000	n
84	72.582532	38.375000	72.707407	38.676476	n
85	72.707407	38.676476	72.750000	39.000000	n
86	-70.250000	39.000000	-70.260694	39.163158	n
87	-70.260694	39.163158	-70.292593	39.323524	n
88	-70.292593	39.323524	-70.417468	39.625000	n
89	-70.417468	39.625000	-70.616117	39.883883	n
90	-70.616117	39.883883	-70.875000	40.082532	n
91	-70.875000	40.082532	-71.176476	40.207407	n
92	-71.176476	40.207407	-71.500000	40.250000	n
93	-71.500000	40.250000	-71.823524	40.207407	n
94	-71.823524	40.207407	-72.125000	40.082532	n
95	-72.125000	40.082532	-72.383883	39.883883	n
96	-72.383883	39.883883	-72.582532	39.625000	n
97	-72.582532	39.625000	-72.707407	39.323524	n
98	-72.707407	39.323524	-72.750000	39.000000	n
99	-72.750000	39.000000	-72.707407	38.676476	n
100	-72.707407	38.676476	-72.582532	38.375000	n
101	-72.582532	38.375000	-72.383883	38.116117	n
102	-72.383883	38.116117	-72.125000	37.917468	n
103	-72.125000	37.917468	-71.823524	37.792593	n
104	-71.823524	37.792593	-71.500000	37.750000	n
105	-71.500000	37.750000	-71.176476	37.792593	n
106	-71.176476	37.792593	-70.875000	37.917468	n
107	-70.875000	37.917468	-70.616117	38.116117	n
108	-70.616117	38.116117	-70.417468	38.375000	n
109	-70.417468	38.375000	-70.292593	38.676476	n
110	-70.292593	38.676476	-70.250000	39.000000	n
111	72.750000	-39.000000	72.739306	-38.836842	n
112	72.739306	-38.836842	72.707407	-38.676476	n
113	72.707407	-38.676476	72.582532	-38.375000	n
114	72.582532	-38.375000	72.383883	-38.116117	n
115	72.383883	-38.116117	72.125000	-37.917468	n
116	72.125000	-37.917468	71.823524	-37.792593	n
117	71.823524	-37.792593	71.500000	-37.750000	n
118	71.500000	-37.750000	71.176476	-37.792593	n
119	71.176476	-37.792593	70.875000	-37.917468	n
120	70.875000	-37.917468	70.616117	-38.116117	n
121	70.616117	-38.116117	70.417468	-38.375000	n
122	70.417468	-38.375000	70.292593	-38.676476	n
123	70.292593	-38.676476	70.250000	-39.000000	n
124	70.250000	-39.000000	70.292593	-39.323524	n
125	70.292593	-39.323524	70.417468	-39.625000	n
126	70.417468	-39.625000	70.616117	-39.883883	n
127	70.616117	-39.883883	70.875000	-40.082532	n
128	70.875000	-40.082532	71.176476	-40.207407	n
129	71.176476	-40.207407	71.500000	-40.250000	n
130	71.500000	-40.250000	71.823524	-40.207407	n
131	71.823524	-40.207407	72.125000	-40.082532	n
132	72.125000	-40.082532	72.383883	-39.883883	n
133	72.383883	-39.883883	72.582532	-39.625000	n
134	72.582532	-39.625000	72.707407	-39.323524	n
135	72.707407	-39.323524	72.750000	-39.000000	n
Tolerance=0.050000.
*Exact match for i=0 and j=1.
*i point -80.500000	44.500000	-79.594133	44.619260	y
*Exact match for i=1 and j=2.
*i point -79.594133	44.619260	-78.750000	44.968911	y
*Exact match for i=2 and j=3.
*i point -78.750000	44.968911	-78.025126	45.525126	y
*Exact match for i=3 and j=4.
*i point -78.025126	45.525126	-77.468911	46.250000	y
*Exact match for i=4 and j=5.
*i point -77.468911	46.250000	-77.119260	47.094133	y
*Exact match for i=5 and j=24.
*i point -77.119260	47.094133	-77.000000	48.000000	y
	*Before flip 	-77.000000	61.000000	-77.000000	48.000000	y
	*After flip 	-77.000000	48.000000	-77.000000	61.000000	y
*Exact match for i=6 and j=33.
*i point -77.000000	48.000000	-77.000000	61.000000	y
	*Before flip 	77.000000	61.000000	-77.000000	61.000000	y
	*After flip 	-77.000000	61.000000	77.000000	61.000000	y
*Exact match for i=7 and j=31.
*i point -77.000000	61.000000	77.000000	61.000000	y
	*Before flip 	77.000000	48.000000	77.000000	61.000000	y
	*After flip 	77.000000	61.000000	77.000000	48.000000	y
*Exact match for i=8 and j=18.
*i point 77.000000	61.000000	77.000000	48.000000	y
*Exact match for i=9 and j=19.
*i point 77.000000	48.000000	77.119260	47.094133	y
*Exact match for i=10 and j=20.
*i point 77.119260	47.094133	77.468911	46.250000	y
*Exact match for i=11 and j=21.
*i point 77.468911	46.250000	78.025126	45.525126	y
*Exact match for i=12 and j=22.
*i point 78.025126	45.525126	78.750000	44.968911	y
*Exact match for i=13 and j=23.
*i point 78.750000	44.968911	79.594133	44.619260	y
*Exact match for i=14 and j=27.
*i point 79.594133	44.619260	80.500000	44.500000	y
	*Before flip 	94.500000	44.500000	80.500000	44.500000	y
	*After flip 	80.500000	44.500000	94.500000	44.500000	y
*Exact match for i=15 and j=32.
*i point 80.500000	44.500000	94.500000	44.500000	y
	*Before flip 	94.500000	-44.500000	94.500000	44.500000	y
	*After flip 	94.500000	44.500000	94.500000	-44.500000	y
*Exact match for i=16 and j=28.
*i point 94.500000	44.500000	94.500000	-44.500000	y
	*Before flip 	80.500000	-44.500000	94.500000	-44.500000	y
	*After flip 	94.500000	-44.500000	80.500000	-44.500000	y
*Exact match for i=17 and j=21.
*i point 94.500000	-44.500000	80.500000	-44.500000	y
*Exact match for i=18 and j=22.
*i point 80.500000	-44.500000	79.594133	-44.619260	y
*Exact match for i=19 and j=23.
*i point 79.594133	-44.619260	78.750000	-44.968911	y
*Exact match for i=20 and j=27.
*i point 78.750000	-44.968911	78.025126	-45.525126	y
*Exact match for i=21 and j=32.
*i point 78.025126	-45.525126	77.468911	-46.250000	y
*Exact match for i=22 and j=28.
*i point 77.468911	-46.250000	77.119260	-47.094133	y
*Exact match for i=23 and j=26.
*i point 77.119260	-47.094133	77.000000	-48.000000	y
	*Before flip 	77.000000	-61.000000	77.000000	-48.000000	y
	*After flip 	77.000000	-48.000000	77.000000	-61.000000	y
*Exact match for i=24 and j=35.
*i point 77.000000	-48.000000	77.000000	-61.000000	y
	*Before flip 	-77.000000	-61.000000	77.000000	-61.000000	y
	*After flip 	77.000000	-61.000000	-77.000000	-61.000000	y
*Exact match for i=25 and j=30.
*i point 77.000000	-61.000000	-77.000000	-61.000000	y
	*Before flip 	-77.000000	-48.000000	-77.000000	-61.000000	y
	*After flip 	-77.000000	-61.000000	-77.000000	-48.000000	y
*Exact match for i=26 and j=30.
*i point -77.000000	-61.000000	-77.000000	-48.000000	y
*Exact match for i=27 and j=33.
*i point -77.000000	-48.000000	-77.119260	-47.094133	y
*Exact match for i=28 and j=31.
*i point -77.119260	-47.094133	-77.468911	-46.250000	y
*Exact match for i=29 and j=30.
*i point -77.468911	-46.250000	-78.025126	-45.525126	y
*Exact match for i=30 and j=32.
*i point -78.025126	-45.525126	-78.750000	-44.968911	y
*Exact match for i=31 and j=33.
*i point -78.750000	-44.968911	-79.594133	-44.619260	y
*Exact match for i=32 and j=35.
*i point -79.594133	-44.619260	-80.500000	-44.500000	y
	*Before flip 	-94.500000	-44.500000	-80.500000	-44.500000	y
	*After flip 	-80.500000	-44.500000	-94.500000	-44.500000	y
*Exact match for i=33 and j=34.
*i point -80.500000	-44.500000	-94.500000	-44.500000	y
	*Before flip 	-94.500000	44.500000	-94.500000	-44.500000	y
	*After flip 	-94.500000	-44.500000	-94.500000	44.500000	y
*Exact match for i=34 and j=35.
*i point -94.500000	-44.500000	-94.500000	44.500000	y
	*Before flip 	-80.500000	44.500000	-94.500000	44.500000	y
	*After flip 	-94.500000	44.500000	-80.500000	44.500000	y
*Exact match for i=36 and j=37.
*i point -70.250000	-39.000000	-70.260694	-38.836842	y
*Exact match for i=37 and j=38.
*i point -70.260694	-38.836842	-70.292593	-38.676476	y
*Exact match for i=38 and j=39.
*i point -70.292593	-38.676476	-70.417468	-38.375000	y
*Exact match for i=39 and j=40.
*i point -70.417468	-38.375000	-70.616117	-38.116117	y
*Exact match for i=40 and j=41.
*i point -70.616117	-38.116117	-70.875000	-37.917468	y
*Exact match for i=41 and j=42.
*i point -70.875000	-37.917468	-71.176476	-37.792593	y
*Exact match for i=42 and j=43.
*i point -71.176476	-37.792593	-71.500000	-37.750000	y
*Exact match for i=43 and j=44.
*i point -71.500000	-37.750000	-71.823524	-37.792593	y
*Exact match for i=44 and j=45.
*i point -71.823524	-37.792593	-72.125000	-37.917468	y
*Exact match for i=45 and j=46.
*i point -72.125000	-37.917468	-72.383883	-38.116117	y
*Exact match for i=46 and j=47.
*i point -72.383883	-38.116117	-72.582532	-38.375000	y
*Exact match for i=47 and j=48.
*i point -72.582532	-38.375000	-72.707407	-38.676476	y
*Exact match for i=48 and j=49.
*i point -72.707407	-38.676476	-72.750000	-39.000000	y
*Exact match for i=49 and j=50.
*i point -72.750000	-39.000000	-72.707407	-39.323524	y
*Exact match for i=50 and j=51.
*i point -72.707407	-39.323524	-72.582532	-39.625000	y
*Exact match for i=51 and j=52.
*i point -72.582532	-39.625000	-72.383883	-39.883883	y
*Exact match for i=52 and j=53.
*i point -72.383883	-39.883883	-72.125000	-40.082532	y
*Exact match for i=53 and j=54.
*i point -72.125000	-40.082532	-71.823524	-40.207407	y
*Exact match for i=54 and j=55.
*i point -71.823524	-40.207407	-71.500000	-40.250000	y
*Exact match for i=55 and j=56.
*i point -71.500000	-40.250000	-71.176476	-40.207407	y
*Exact match for i=56 and j=57.
*i point -71.176476	-40.207407	-70.875000	-40.082532	y
*Exact match for i=57 and j=58.
*i point -70.875000	-40.082532	-70.616117	-39.883883	y
*Exact match for i=58 and j=59.
*i point -70.616117	-39.883883	-70.417468	-39.625000	y
*Exact match for i=59 and j=60.
*i point -70.417468	-39.625000	-70.292593	-39.323524	y
*Exact match for i=61 and j=62.
*i point 72.750000	39.000000	72.739306	39.163158	y
*Exact match for i=62 and j=63.
*i point 72.739306	39.163158	72.707407	39.323524	y
*Exact match for i=63 and j=64.
*i point 72.707407	39.323524	72.582532	39.625000	y
*Exact match for i=64 and j=65.
*i point 72.582532	39.625000	72.383883	39.883883	y
*Exact match for i=65 and j=66.
*i point 72.383883	39.883883	72.125000	40.082532	y
*Exact match for i=66 and j=67.
*i point 72.125000	40.082532	71.823524	40.207407	y
*Exact match for i=67 and j=68.
*i point 71.823524	40.207407	71.500000	40.250000	y
*Exact match for i=68 and j=69.
*i point 71.500000	40.250000	71.176476	40.207407	y
*Exact match for i=69 and j=70.
*i point 71.176476	40.207407	70.875000	40.082532	y
*Exact match for i=70 and j=71.
*i point 70.875000	40.082532	70.616117	39.883883	y
*Exact match for i=71 and j=72.
*i point 70.616117	39.883883	70.417468	39.625000	y
*Exact match for i=72 and j=73.
*i point 70.417468	39.625000	70.292593	39.323524	y
*Exact match for i=73 and j=74.
*i point 70.292593	39.323524	70.250000	39.000000	y
*Exact match for i=74 and j=75.
*i point 70.250000	39.000000	70.292593	38.676476	y
*Exact match for i=75 and j=76.
*i point 70.292593	38.676476	70.417468	38.375000	y
*Exact match for i=76 and j=77.
*i point 70.417468	38.375000	70.616117	38.116117	y
*Exact match for i=77 and j=78.
*i point 70.616117	38.116117	70.875000	37.917468	y
*Exact match for i=78 and j=79.
*i point 70.875000	37.917468	71.176476	37.792593	y
*Exact match for i=79 and j=80.
*i point 71.176476	37.792593	71.500000	37.750000	y
*Exact match for i=80 and j=81.
*i point 71.500000	37.750000	71.823524	37.792593	y
*Exact match for i=81 and j=82.
*i point 71.823524	37.792593	72.125000	37.917468	y
*Exact match for i=82 and j=83.
*i point 72.125000	37.917468	72.383883	38.116117	y
*Exact match for i=83 and j=84.
*i point 72.383883	38.116117	72.582532	38.375000	y
*Exact match for i=84 and j=85.
*i point 72.582532	38.375000	72.707407	38.676476	y
*Exact match for i=86 and j=87.
*i point -70.250000	39.000000	-70.260694	39.163158	y
*Exact match for i=87 and j=88.
*i point -70.260694	39.163158	-70.292593	39.323524	y
*Exact match for i=88 and j=89.
*i point -70.292593	39.323524	-70.417468	39.625000	y
*Exact match for i=89 and j=90.
*i point -70.417468	39.625000	-70.616117	39.883883	y
*Exact match for i=90 and j=91.
*i point -70.616117	39.883883	-70.875000	40.082532	y
*Exact match for i=91 and j=92.
*i point -70.875000	40.082532	-71.176476	40.207407	y
*Exact match for i=92 and j=93.
*i point -71.176476	40.207407	-71.500000	40.250000	y
*Exact match for i=93 and j=94.
*i point -71.500000	40.250000	-71.823524	40.207407	y
*Exact match for i=94 and j=95.
*i point -71.823524	40.207407	-72.125000	40.082532	y
*Exact match for i=95 and j=96.
*i point -72.125000	40.082532	-72.383883	39.883883	y
*Exact match for i=96 and j=97.
*i point -72.383883	39.883883	-72.582532	39.625000	y
*Exact match for i=97 and j=98.
*i point -72.582532	39.625000	-72.707407	39.323524	y
*Exact match for i=98 and j=99.
*i point -72.707407	39.323524	-72.750000	39.000000	y
*Exact match for i=99 and j=100.
*i point -72.750000	39.000000	-72.707407	38.676476	y
*Exact match for i=100 and j=101.
*i point -72.707407	38.676476	-72.582532	38.375000	y
*Exact match for i=101 and j=102.
*i point -72.582532	38.375000	-72.383883	38.116117	y
*Exact match for i=102 and j=103.
*i point -72.383883	38.116117	-72.125000	37.917468	y
*Exact match for i=103 and j=104.
*i point -72.125000	37.917468	-71.823524	37.792593	y
*Exact match for i=104 and j=105.
*i point -71.823524	37.792593	-71.500000	37.750000	y
*Exact match for i=105 and j=106.
*i point -71.500000	37.750000	-71.176476	37.792593	y
*Exact match for i=106 and j=107.
*i point -71.176476	37.792593	-70.875000	37.917468	y
*Exact match for i=107 and j=108.
*i point -70.875000	37.917468	-70.616117	38.116117	y
*Exact match for i=108 and j=109.
*i point -70.616117	38.116117	-70.417468	38.375000	y
*Exact match for i=109 and j=110.
*i point -70.417468	38.375000	-70.292593	38.676476	y
*Exact match for i=111 and j=112.
*i point 72.750000	-39.000000	72.739306	-38.836842	y
*Exact match for i=112 and j=113.
*i point 72.739306	-38.836842	72.707407	-38.676476	y
*Exact match for i=113 and j=114.
*i point 72.707407	-38.676476	72.582532	-38.375000	y
*Exact match for i=114 and j=115.
*i point 72.582532	-38.375000	72.383883	-38.116117	y
*Exact match for i=115 and j=116.
*i point 72.383883	-38.116117	72.125000	-37.917468	y
*Exact match for i=116 and j=117.
*i point 72.125000	-37.917468	71.823524	-37.792593	y
*Exact match for i=117 and j=118.
*i point 71.823524	-37.792593	71.500000	-37.750000	y
*Exact match for i=118 and j=119.
*i point 71.500000	-37.750000	71.176476	-37.792593	y
*Exact match for i=119 and j=120.
*i point 71.176476	-37.792593	70.875000	-37.917468	y
*Exact match for i=120 and j=121.
*i point 70.875000	-37.917468	70.616117	-38.116117	y
*Exact match for i=121 and j=122.
*i point 70.616117	-38.116117	70.417468	-38.375000	y
*Exact match for i=122 and j=123.
*i point 70.417468	-38.375000	70.292593	-38.676476	y
*Exact match for i=123 and j=124.
*i point 70.292593	-38.676476	70.250000	-39.000000	y
*Exact match for i=124 and j=125.
*i point 70.250000	-39.000000	70.292593	-39.323524	y
*Exact match for i=125 and j=126.
*i point 70.292593	-39.323524	70.417468	-39.625000	y
*Exact match for i=126 and j=127.
*i point 70.417468	-39.625000	70.616117	-39.883883	y
*Exact match for i=127 and j=128.
*i point 70.616117	-39.883883	70.875000	-40.082532	y
*Exact match for i=128 and j=129.
*i point 70.875000	-40.082532	71.176476	-40.207407	y
*Exact match for i=129 and j=130.
*i point 71.176476	-40.207407	71.500000	-40.250000	y
*Exact match for i=130 and j=131.
*i point 71.500000	-40.250000	71.823524	-40.207407	y
*Exact match for i=131 and j=132.
*i point 71.823524	-40.207407	72.125000	-40.082532	y
*Exact match for i=132 and j=133.
*i point 72.125000	-40.082532	72.383883	-39.883883	y
*Exact match for i=133 and j=134.
*i point 72.383883	-39.883883	72.582532	-39.625000	y
*Exact match for i=134 and j=135.
*i point 72.582532	-39.625000	72.707407	-39.323524	y
########### array after sorts ###########
0	-80.500000	44.500000	-79.594133	44.619260	y
1	-79.594133	44.619260	-78.750000	44.968911	y
2	-78.750000	44.968911	-78.025126	45.525126	y
3	-78.025126	45.525126	-77.468911	46.250000	y
4	-77.468911	46.250000	-77.119260	47.094133	y
5	-77.119260	47.094133	-77.000000	48.000000	y
6	-77.000000	48.000000	-77.000000	61.000000	y
7	-77.000000	61.000000	77.000000	61.000000	y
8	77.000000	61.000000	77.000000	48.000000	y
9	77.000000	48.000000	77.119260	47.094133	y
10	77.119260	47.094133	77.468911	46.250000	y
11	77.468911	46.250000	78.025126	45.525126	y
12	78.025126	45.525126	78.750000	44.968911	y
13	78.750000	44.968911	79.594133	44.619260	y
14	79.594133	44.619260	80.500000	44.500000	y
15	80.500000	44.500000	94.500000	44.500000	y
16	94.500000	44.500000	94.500000	-44.500000	y
17	94.500000	-44.500000	80.500000	-44.500000	y
18	80.500000	-44.500000	79.594133	-44.619260	y
19	79.594133	-44.619260	78.750000	-44.968911	y
20	78.750000	-44.968911	78.025126	-45.525126	y
21	78.025126	-45.525126	77.468911	-46.250000	y
22	77.468911	-46.250000	77.119260	-47.094133	y
23	77.119260	-47.094133	77.000000	-48.000000	y
24	77.000000	-48.000000	77.000000	-61.000000	y
25	77.000000	-61.000000	-77.000000	-61.000000	y
26	-77.000000	-61.000000	-77.000000	-48.000000	y
27	-77.000000	-48.000000	-77.119260	-47.094133	y
28	-77.119260	-47.094133	-77.468911	-46.250000	y
29	-77.468911	-46.250000	-78.025126	-45.525126	y
30	-78.025126	-45.525126	-78.750000	-44.968911	y
31	-78.750000	-44.968911	-79.594133	-44.619260	y
32	-79.594133	-44.619260	-80.500000	-44.500000	y
33	-80.500000	-44.500000	-94.500000	-44.500000	y
34	-94.500000	-44.500000	-94.500000	44.500000	y
35	-94.500000	44.500000	-80.500000	44.500000	y
36	-70.250000	-39.000000	-70.260694	-38.836842	y
37	-70.260694	-38.836842	-70.292593	-38.676476	y
38	-70.292593	-38.676476	-70.417468	-38.375000	y
39	-70.417468	-38.375000	-70.616117	-38.116117	y
40	-70.616117	-38.116117	-70.875000	-37.917468	y
41	-70.875000	-37.917468	-71.176476	-37.792593	y
42	-71.176476	-37.792593	-71.500000	-37.750000	y
43	-71.500000	-37.750000	-71.823524	-37.792593	y
44	-71.823524	-37.792593	-72.125000	-37.917468	y
45	-72.125000	-37.917468	-72.383883	-38.116117	y
46	-72.383883	-38.116117	-72.582532	-38.375000	y
47	-72.582532	-38.375000	-72.707407	-38.676476	y
48	-72.707407	-38.676476	-72.750000	-39.000000	y
49	-72.750000	-39.000000	-72.707407	-39.323524	y
50	-72.707407	-39.323524	-72.582532	-39.625000	y
51	-72.582532	-39.625000	-72.383883	-39.883883	y
52	-72.383883	-39.883883	-72.125000	-40.082532	y
53	-72.125000	-40.082532	-71.823524	-40.207407	y
54	-71.823524	-40.207407	-71.500000	-40.250000	y
55	-71.500000	-40.250000	-71.176476	-40.207407	y
56	-71.176476	-40.207407	-70.875000	-40.082532	y
57	-70.875000	-40.082532	-70.616117	-39.883883	y
58	-70.616117	-39.883883	-70.417468	-39.625000	y
59	-70.417468	-39.625000	-70.292593	-39.323524	y
60	-70.292593	-39.323524	-70.250000	-39.000000	y
61	72.750000	39.000000	72.739306	39.163158	y
62	72.739306	39.163158	72.707407	39.323524	y
63	72.707407	39.323524	72.582532	39.625000	y
64	72.582532	39.625000	72.383883	39.883883	y
65	72.383883	39.883883	72.125000	40.082532	y
66	72.125000	40.082532	71.823524	40.207407	y
67	71.823524	40.207407	71.500000	40.250000	y
68	71.500000	40.250000	71.176476	40.207407	y
69	71.176476	40.207407	70.875000	40.082532	y
70	70.875000	40.082532	70.616117	39.883883	y
71	70.616117	39.883883	70.417468	39.625000	y
72	70.417468	39.625000	70.292593	39.323524	y
73	70.292593	39.323524	70.250000	39.000000	y
74	70.250000	39.000000	70.292593	38.676476	y
75	70.292593	38.676476	70.417468	38.375000	y
76	70.417468	38.375000	70.616117	38.116117	y
77	70.616117	38.116117	70.875000	37.917468	y
78	70.875000	37.917468	71.176476	37.792593	y
79	71.176476	37.792593	71.500000	37.750000	y
80	71.500000	37.750000	71.823524	37.792593	y
81	71.823524	37.792593	72.125000	37.917468	y
82	72.125000	37.917468	72.383883	38.116117	y
83	72.383883	38.116117	72.582532	38.375000	y
84	72.582532	38.375000	72.707407	38.676476	y
85	72.707407	38.676476	72.750000	39.000000	y
86	-70.250000	39.000000	-70.260694	39.163158	y
87	-70.260694	39.163158	-70.292593	39.323524	y
88	-70.292593	39.323524	-70.417468	39.625000	y
89	-70.417468	39.625000	-70.616117	39.883883	y
90	-70.616117	39.883883	-70.875000	40.082532	y
91	-70.875000	40.082532	-71.176476	40.207407	y
92	-71.176476	40.207407	-71.500000	40.250000	y
93	-71.500000	40.250000	-71.823524	40.207407	y
94	-71.823524	40.207407	-72.125000	40.082532	y
95	-72.125000	40.082532	-72.383883	39.883883	y
96	-72.383883	39.883883	-72.582532	39.625000	y
97	-72.582532	39.625000	-72.707407	39.323524	y
98	-72.707407	39.323524	-72.750000	39.000000	y
99	-72.750000	39.000000	-72.707407	38.676476	y
100	-72.707407	38.676476	-72.582532	38.375000	y
101	-72.582532	38.375000	-72.383883	38.116117	y
102	-72.383883	38.116117	-72.125000	37.917468	y
103	-72.125000	37.917468	-71.823524	37.792593	y
104	-71.823524	37.792593	-71.500000	37.750000	y
105	-71.500000	37.750000	-71.176476	37.792593	y
106	-71.176476	37.792593	-70.875000	37.917468	y
107	-70.875000	37.917468	-70.616117	38.116117	y
108	-70.616117	38.116117	-70.417468	38.375000	y
109	-70.417468	38.375000	-70.292593	38.676476	y
110	-70.292593	38.676476	-70.250000	39.000000	y
111	72.750000	-39.000000	72.739306	-38.836842	y
112	72.739306	-38.836842	72.707407	-38.676476	y
113	72.707407	-38.676476	72.582532	-38.375000	y
114	72.582532	-38.375000	72.383883	-38.116117	y
115	72.383883	-38.116117	72.125000	-37.917468	y
116	72.125000	-37.917468	71.823524	-37.792593	y
117	71.823524	-37.792593	71.500000	-37.750000	y
118	71.500000	-37.750000	71.176476	-37.792593	y
119	71.176476	-37.792593	70.875000	-37.917468	y
120	70.875000	-37.917468	70.616117	-38.116117	y
121	70.616117	-38.116117	70.417468	-38.375000	y
122	70.417468	-38.375000	70.292593	-38.676476	y
123	70.292593	-38.676476	70.250000	-39.000000	y
124	70.250000	-39.000000	70.292593	-39.323524	y
125	70.292593	-39.323524	70.417468	-39.625000	y
126	70.417468	-39.625000	70.616117	-39.883883	y
127	70.616117	-39.883883	70.875000	-40.082532	y
128	70.875000	-40.082532	71.176476	-40.207407	y
129	71.176476	-40.207407	71.500000	-40.250000	y
130	71.500000	-40.250000	71.823524	-40.207407	y
131	71.823524	-40.207407	72.125000	-40.082532	y
132	72.125000	-40.082532	72.383883	-39.883883	y
133	72.383883	-39.883883	72.582532	-39.625000	y
134	72.582532	-39.625000	72.707407	-39.323524	y
135	72.707407	-39.323524	72.750000	-39.000000	y
***************
.BOARD_OUTLINE UNOWNED
1.6
0     -80.500000     44.500000     0
0     -79.594133     44.619260     0
0     -78.750000     44.968911     0
0     -78.025126     45.525126     0
0     -77.468911     46.250000     0
0     -77.119260     47.094133     0
0     -77.000000     48.000000     0
0     -77.000000     61.000000     0
0     77.000000     61.000000     0
0     77.000000     48.000000     0
0     77.119260     47.094133     0
0     77.468911     46.250000     0
0     78.025126     45.525126     0
0     78.750000     44.968911     0
0     79.594133     44.619260     0
0     80.500000     44.500000     0
0     94.500000     44.500000     0
0     94.500000     -44.500000     0
0     80.500000     -44.500000     0
0     79.594133     -44.619260     0
0     78.750000     -44.968911     0
0     78.025126     -45.525126     0
0     77.468911     -46.250000     0
0     77.119260     -47.094133     0
0     77.000000     -48.000000     0
0     77.000000     -61.000000     0
0     -77.000000     -61.000000     0
0     -77.000000     -48.000000     0
0     -77.119260     -47.094133     0
0     -77.468911     -46.250000     0
0     -78.025126     -45.525126     0
0     -78.750000     -44.968911     0
0     -79.594133     -44.619260     0
0     -80.500000     -44.500000     0
0     -94.500000     -44.500000     0
0     -94.500000     44.500000     0
0     -80.500000     44.500000     0
1     -70.250000     -39.000000     0
1     -70.260694     -38.836842     0
1     -70.292593     -38.676476     0
1     -70.417468     -38.375000     0
1     -70.616117     -38.116117     0
1     -70.875000     -37.917468     0
1     -71.176476     -37.792593     0
1     -71.500000     -37.750000     0
1     -71.823524     -37.792593     0
1     -72.125000     -37.917468     0
1     -72.383883     -38.116117     0
1     -72.582532     -38.375000     0
1     -72.707407     -38.676476     0
1     -72.750000     -39.000000     0
1     -72.707407     -39.323524     0
1     -72.582532     -39.625000     0
1     -72.383883     -39.883883     0
1     -72.125000     -40.082532     0
1     -71.823524     -40.207407     0
1     -71.500000     -40.250000     0
1     -71.176476     -40.207407     0
1     -70.875000     -40.082532     0
1     -70.616117     -39.883883     0
1     -70.417468     -39.625000     0
1     -70.292593     -39.323524     0
1     -70.250000     -39.000000     0
2     72.750000     39.000000     0
2     72.739306     39.163158     0
2     72.707407     39.323524     0
2     72.582532     39.625000     0
2     72.383883     39.883883     0
2     72.125000     40.082532     0
2     71.823524     40.207407     0
2     71.500000     40.250000     0
2     71.176476     40.207407     0
2     70.875000     40.082532     0
2     70.616117     39.883883     0
2     70.417468     39.625000     0
2     70.292593     39.323524     0
2     70.250000     39.000000     0
2     70.292593     38.676476     0
2     70.417468     38.375000     0
2     70.616117     38.116117     0
2     70.875000     37.917468     0
2     71.176476     37.792593     0
2     71.500000     37.750000     0
2     71.823524     37.792593     0
2     72.125000     37.917468     0
2     72.383883     38.116117     0
2     72.582532     38.375000     0
2     72.707407     38.676476     0
2     72.750000     39.000000     0
3     -70.250000     39.000000     0
3     -70.260694     39.163158     0
3     -70.292593     39.323524     0
3     -70.417468     39.625000     0
3     -70.616117     39.883883     0
3     -70.875000     40.082532     0
3     -71.176476     40.207407     0
3     -71.500000     40.250000     0
3     -71.823524     40.207407     0
3     -72.125000     40.082532     0
3     -72.383883     39.883883     0
3     -72.582532     39.625000     0
3     -72.707407     39.323524     0
3     -72.750000     39.000000     0
3     -72.707407     38.676476     0
3     -72.582532     38.375000     0
3     -72.383883     38.116117     0
3     -72.125000     37.917468     0
3     -71.823524     37.792593     0
3     -71.500000     37.750000     0
3     -71.176476     37.792593     0
3     -70.875000     37.917468     0
3     -70.616117     38.116117     0
3     -70.417468     38.375000     0
3     -70.292593     38.676476     0
3     -70.250000     39.000000     0
4     72.750000     -39.000000     0
4     72.739306     -38.836842     0
4     72.707407     -38.676476     0
4     72.582532     -38.375000     0
4     72.383883     -38.116117     0
4     72.125000     -37.917468     0
4     71.823524     -37.792593     0
4     71.500000     -37.750000     0
4     71.176476     -37.792593     0
4     70.875000     -37.917468     0
4     70.616117     -38.116117     0
4     70.417468     -38.375000     0
4     70.292593     -38.676476     0
4     70.250000     -39.000000     0
4     70.292593     -39.323524     0
4     70.417468     -39.625000     0
4     70.616117     -39.883883     0
4     70.875000     -40.082532     0
4     71.176476     -40.207407     0
4     71.500000     -40.250000     0
4     71.823524     -40.207407     0
4     72.125000     -40.082532     0
4     72.383883     -39.883883     0
4     72.582532     -39.625000     0
4     72.707407     -39.323524     0
4     72.750000     -39.000000     0
